# BEAST v1.6.1, Build r3651
# Generated Sun Jan 24 01:04:21 EST 2016 [seed=1453615444838]
state	posterior	prior	likelihood	treeModel.rootHeight	tmrca(HIV-2)	tmrca(HIV-1)	constant.popSize	kappa	alpha	clock.rate	treeLikelihood	coalescent
0	-615260.3527783907	-434.0198559529765	-614826.3329224378	1099.821424502535	449.3714917207714	342.4739634090981	330.0	2.0	0.5	7.5E-4	-614826.3329224378	-426.6295577879813
1000	-409273.52026429836	-576.5494872558584	-408696.9707770425	2922.404412871328	2560.724989172837	1079.5562266641696	10633.821055641885	2.0	0.5957975781981706	4.3673182234133765E-4	-408696.9707770425	-566.226700317024
2000	-374500.52780247584	-568.3644086352142	-373932.16339384066	1570.5809126256763	875.7680578148276	555.9182834777954	19307.94331444488	2.0	0.5957975781981706	5.245314078297467E-4	-373932.16339384066	-557.2621418203507
3000	-347905.9835871115	-537.3217552565866	-347368.66183185496	939.686211510974	282.2050017265316	494.45394019169584	6608.230759681231	2.5949719180918107	0.66022348800943	6.622373692354171E-4	-347368.66183185496	-526.8278158851662
4000	-332910.5950685964	-517.5270011909697	-332393.06806740543	769.8175862077226	226.80669460274694	375.9913526658213	4438.44115491227	2.8820566812430215	0.66022348800943	8.711597534964951E-4	-332393.06806740543	-507.0518131503171
5000	-321212.13580302434	-513.7729415017891	-320698.36286152253	839.7848924048027	256.6030526301198	398.3907747979726	3638.7252227622316	2.8820566812430215	0.66022348800943	8.439415619100468E-4	-320698.36286152253	-503.52813368417856
6000	-318305.990246555	-510.8681356794012	-317795.1221108756	900.8000358610635	260.6481667396566	420.4981839365553	4264.247836384026	3.418067483234194	0.6979925565356931	9.066100201801664E-4	-317795.1221108756	-500.2068698394936
7000	-317996.9684543746	-511.91519510760634	-317485.05325926695	928.6636238237613	255.53807109356097	427.32773591263344	3933.159212278904	3.418067483234194	0.6979925565356931	8.718234983477073E-4	-317485.05325926695	-501.3738384091406
8000	-317942.2231444773	-510.69418178315044	-317431.52896269417	891.8900550842425	230.06342379996832	413.31960963949683	4307.624990651051	3.418067483234194	0.6979925565356931	8.899039043254329E-4	-317431.52896269417	-500.0413753699139
9000	-317918.72347341815	-510.6275790810054	-317408.09589433717	882.5370880673228	223.76557955452725	400.60052884987493	2880.074568764586	3.418067483234194	0.6979925565356931	9.14950098623988E-4	-317408.09589433717	-500.34961487646495
10000	-317915.27651564503	-510.97177016338424	-317404.30474548164	912.9860254910999	230.79048392274822	431.47048916922364	3663.4905020509327	3.418067483234194	0.6979925565356931	8.980931077457457E-4	-317404.30474548164	-500.47178296401887
11000	-317906.5091722915	-515.754194152095	-317390.7549781394	985.9162592063218	243.49725426121208	451.29859650704213	5111.129009811902	3.418067483234194	0.6979925565356931	8.39058215728532E-4	-317390.7549781394	-504.9891287343521
12000	-317906.67244344344	-516.3473427045582	-317390.3251007389	977.1497657163784	245.4850716743261	454.9828237126937	3183.2434992695553	3.418067483234194	0.6979925565356931	8.432103582480209E-4	-317390.3251007389	-506.05086552374
13000	-317915.3949066365	-522.2563225230091	-317393.1385841135	1120.908021255649	280.782377554548	520.4029642910979	4753.3575640409035	3.418067483234194	0.6979925565356931	7.176825082759933E-4	-317393.1385841135	-511.7199228798493
14000	-317893.86010495096	-514.1529259436309	-317379.70717900735	961.0674659265204	236.79114523830393	441.98437252669873	4806.455545064792	3.3551851507445227	0.6979925565356931	8.734281750166236E-4	-317379.70717900735	-503.4303955478053
15000	-317891.62596130057	-514.1319107928571	-317377.4940505077	967.0576328983163	242.13313915661266	447.9697343530834	4386.518845421899	3.3551851507445227	0.6979925565356931	8.518653101802279E-4	-317377.4940505077	-503.52577687372275
16000	-317905.88228113524	-521.1702716576089	-317384.71200947766	1062.6324023242846	266.53655887376345	492.52311738796016	3586.6726115408665	3.3551851507445227	0.7056515335649457	7.467981932094301E-4	-317384.71200947766	-510.89695066075996
17000	-317910.28724291024	-519.5790081551353	-317390.7082347551	1052.9394816561212	260.57064115956024	491.41535312382507	4376.836106289526	3.3551851507445227	0.6944054934935893	7.677542973697745E-4	-317390.7082347551	-509.07893885807306
18000	-317916.001545127	-524.1722037411574	-317391.82934138586	1145.1193721168029	288.04993625589594	522.1531069137604	5598.775040933225	3.3551851507445227	0.6944054934935893	7.064189443077147E-4	-317391.82934138586	-513.5090908158517
19000	-317913.10201746144	-523.4786433371634	-317389.6233741243	1143.995599162511	280.58519298726463	521.640687375818	5079.038136725548	3.3551851507445227	0.6944054934935893	7.081700150736532E-4	-317389.6233741243	-512.910483084345
20000	-317906.87482729455	-524.5566739297321	-317382.3181533648	1176.365817921342	285.59716601343894	539.819760514688	5412.389361821455	3.3551851507445227	0.684109155520752	6.952179036548383E-4	-317382.3181533648	-513.9433853518941
21000	-317911.7884208695	-523.7473727928704	-317388.04104807664	1137.0303779961093	280.2794170128038	527.4814329886511	4301.745676250725	3.3551851507445227	0.684109155520752	7.084082918459744E-4	-317388.04104807664	-513.3449774534641
22000	-317912.519769984	-524.5046586584567	-317388.01511132554	1150.475313912271	284.67907459019926	536.5943525213731	5401.267593306378	3.3551851507445227	0.684109155520752	6.964643750509533E-4	-317388.01511132554	-513.8916375405284
23000	-317914.2663944599	-531.3291158037271	-317382.9372786562	1281.5770031012667	310.92653799128334	601.7244695641299	4343.720468983887	3.3551851507445227	0.684109155520752	6.2977171775034E-4	-317382.9372786562	-521.0345557694149
24000	-317912.5217750914	-523.0162647277334	-317389.50551036367	1133.4375776539268	282.43862896789943	523.5731583161556	4730.433076773569	3.3551851507445227	0.684109155520752	7.169095824651916E-4	-317389.50551036367	-512.5069563461697
25000	-317910.00621661113	-525.836164568723	-317384.1700520424	1189.2701155226875	299.1151136745433	550.3393771557149	4893.436881618148	3.3551851507445227	0.684109155520752	6.824528643718537E-4	-317384.1700520424	-515.3421850936628
26000	-317910.6038360198	-520.935793712959	-317389.66804230685	1089.2015574047714	272.2406702995977	504.39106545819834	4636.264154416317	3.3551851507445227	0.684109155520752	7.275370934090327E-4	-317389.66804230685	-510.4318926331542
27000	-317905.6094331676	-520.1936150772214	-317385.4158180904	1082.3748922696432	268.12681458858754	500.8036815216199	4957.602706008595	3.3551851507445227	0.684109155520752	7.526155729920744E-4	-317385.4158180904	-509.58884488128035
28000	-317911.26504973986	-520.7675653791975	-317390.49748436065	1087.8944630066085	269.4941272731008	511.4422739837966	3965.9726994965527	3.2550737409981645	0.684109155520752	7.42936152887331E-4	-317390.49748436065	-510.4329773288647
29000	-317921.18141649535	-529.0870747677862	-317392.09434172756	1224.7974401722026	311.53962046204515	575.11785867675	6716.305162109991	3.2550737409981645	0.684109155520752	6.567458718039563E-4	-317392.09434172756	-518.3488894276201
30000	-317906.0492442804	-522.4479818956863	-317383.6012623847	1122.6321630691043	283.64534886402726	517.7124974545796	5470.479082597976	3.2550737409981645	0.6934571191942878	7.223467246554253E-4	-317383.6012623847	-511.8198555691072
31000	-317916.89630321687	-524.0844594864902	-317392.8118437304	1150.5624465431172	291.38720782828693	526.8018084954291	5861.105879287067	3.2550737409981645	0.6934571191942878	7.180353740225725E-4	-317392.8118437304	-513.3933414880739
32000	-317911.799914664	-523.5370361562134	-317388.2628785078	1158.9856074077595	290.8949025261299	540.6005590323531	4904.036128029024	3.2550737409981645	0.6934571191942878	7.138491823255966E-4	-317388.2628785078	-513.0300391760686
33000	-317911.7145564824	-522.6479065616772	-317389.0666499207	1113.7679741840502	282.26817148493666	525.5160402426131	4097.073323526613	3.2610175129379906	0.6934571191942878	7.265415364645581E-4	-317389.0666499207	-512.3010531024539
34000	-317904.9347025934	-522.2934018981315	-317382.6413006953	1115.8503823066587	274.70104683753266	521.0166801421312	5581.529326972059	3.2610175129379906	0.6934571191942878	7.224582725454726E-4	-317382.6413006953	-511.6429888812165
35000	-317895.3899515803	-514.8209800859304	-317380.5689714944	994.6213999147498	244.85678733988783	464.4120287082414	4285.430577290817	3.2610175129379906	0.6934571191942878	8.28151861656454E-4	-317380.5689714944	-504.2984083988865
36000	-317900.2183121384	-517.8499600000376	-317382.3683521384	1044.4716648718127	255.92069646810728	490.1221508441773	4058.729687152952	3.2610175129379906	0.6934571191942878	7.71962739126737E-4	-317382.3683521384	-507.4519293628729
37000	-317904.46645229834	-520.0532576298309	-317384.4131946685	1056.266280801476	262.00738635456344	482.9193796477646	5203.369919032504	3.2610175129379906	0.6934571191942878	7.789199954848594E-4	-317384.4131946685	-509.39782746488635
38000	-317903.8943644904	-522.5479149615173	-317381.3464495289	1114.737115040082	277.92388596210066	517.4325262663372	4616.923251731384	3.2610175129379906	0.6934571191942878	7.083114543914947E-4	-317381.3464495289	-512.1069922341134
39000	-317904.32939185575	-520.8258231160667	-317383.5035687397	1082.1851469857443	265.50518267530333	494.3116599457076	3802.5207082311567	3.2610175129379906	0.6934571191942878	7.414419179782837E-4	-317383.5035687397	-510.53329747400716
40000	-317909.7641437576	-521.0901387028358	-317388.67400505475	1066.392593978953	263.3218546324221	490.50581796018423	5725.979789774613	3.2610175129379906	0.6934571191942878	7.72394299347609E-4	-317388.67400505475	-510.3474061001212
41000	-317907.0213445795	-514.3670902821001	-317392.65425429743	961.9796232928157	245.49966412935697	450.753577655648	3689.2858414384154	3.2610175129379906	0.6934571191942878	8.302899692943074E-4	-317392.65425429743	-503.9917308477325
42000	-317904.5523959904	-515.8453681608374	-317388.70702782954	984.7931209352516	248.09635553370452	461.44326944555047	4413.063718653079	3.2610175129379906	0.6934571191942878	7.965533598647227E-4	-317388.70702782954	-505.3323118910498
43000	-317898.9456097892	-513.2629162126249	-317385.6826935766	943.4618794187777	238.53911184568852	442.076741785921	3705.4797108211133	3.2610175129379906	0.6934571191942878	8.558825727715113E-4	-317385.6826935766	-502.85284909927816
44000	-317903.09128181287	-517.2478139090356	-317385.84346790385	1014.7203145498709	256.6420824775827	472.67427208631574	4219.663811358287	3.2610175129379906	0.6934571191942878	7.875666804961767E-4	-317385.84346790385	-506.79090609114087
45000	-317901.1419741724	-514.9344239055692	-317386.2075502668	954.1811918616754	246.56658574540376	448.25938402009507	4934.775654067217	3.2610175129379906	0.6934571191942878	8.524974192011696E-4	-317386.2075502668	-504.241821351459
46000	-317902.5893779966	-511.8848096938991	-317390.7045683027	922.1393825328948	236.07856645917602	432.85700131141834	4258.75022996012	3.2610175129379906	0.6934571191942878	8.679055752425174E-4	-317390.7045683027	-501.3216437621796
47000	-317898.400214783	-512.5211679015288	-317385.87904688145	926.8949226807583	240.97005362783946	438.66826080999937	3895.3017864201347	3.2610175129379906	0.6934571191942878	8.818043803374057E-4	-317385.87904688145	-502.03133511448124
48000	-317892.79858492926	-512.4917728468204	-317380.3068120824	925.5796310994134	241.61758513279324	435.26914727619686	3413.7101230706185	3.2610175129379906	0.6934571191942878	8.637236766641688E-4	-317380.3068120824	-502.1546081462627
49000	-317901.24678456114	-515.0747231899975	-317386.17206137115	946.2841347624383	236.386621319904	431.87905330123306	5219.607283636388	3.2610175129379906	0.6884482687684663	8.659134958695186E-4	-317386.17206137115	-504.31040645048853
50000	-317897.6990420826	-515.764201455936	-317381.93484062667	985.1935931216368	249.65606936267085	459.65996066994927	4531.794376114545	3.2610175129379906	0.6884482687684663	8.203205332216962E-4	-317381.93484062667	-505.1952247238516
51000	-317895.8355685452	-513.040907339758	-317382.79466120544	948.2396907666907	245.77189861455386	435.2711093208633	4405.552348814598	3.2610175129379906	0.6884482687684663	8.605607675568663E-4	-317382.79466120544	-502.4523417102319
52000	-317895.5725602285	-513.9813495923352	-317381.5912106362	944.5928445471317	246.34016176997764	433.85098879027436	3315.5298491453564	3.2610175129379906	0.6884482687684663	8.585756061698958E-4	-317381.5912106362	-503.6793393413028
53000	-317898.53890188236	-515.405718115097	-317383.13318376726	972.6772420399919	244.00569204579773	451.76975481172354	4980.428526435257	3.254085671887891	0.6884482687684663	8.444083070775148E-4	-317383.13318376726	-504.71580573439087
54000	-317894.4310663552	-514.3425233168156	-317380.0885430384	957.0046273868412	242.1565782214168	448.6192194129223	3742.759194987149	3.254085671887891	0.6884482687684663	8.408821476586356E-4	-317380.0885430384	-503.9424842369264
55000	-317886.03594975965	-509.875602347925	-317376.1603474117	903.2323387286709	227.53525747568546	420.618899135724	3690.0034520671934	3.254085671887891	0.6884482687684663	9.023023447089884E-4	-317376.1603474117	-499.41933126226036
56000	-317891.1118652082	-512.6355497910654	-317378.47631541715	938.1544465671087	241.1949053507051	442.4706095832999	3758.319785992155	3.254085671887891	0.6884482687684663	8.624543459984188E-4	-317378.47631541715	-502.2060564215376
57000	-317894.4089369221	-513.7484831157619	-317380.66045380634	954.0423959474499	240.48103479739422	448.6401314623395	4411.47673407052	3.254085671887891	0.6884482687684663	8.541368270504562E-4	-317380.66045380634	-503.1684333774426
58000	-317901.6790338464	-513.8757973065435	-317387.8032365399	955.5077085729223	233.89534444776527	446.0721033237123	3563.82209022245	3.254085671887891	0.6884482687684663	8.590540756068215E-4	-317387.8032365399	-503.50338873589186
59000	-317900.46306639636	-515.8924742667565	-317384.5705921296	992.4303065898864	250.59552438707772	463.4315808462645	4156.12536942126	3.254085671887891	0.6884482687684663	7.93621087183385E-4	-317384.5705921296	-505.44546263156565
60000	-317897.4123660162	-515.198109761038	-317382.21425625513	981.8609924090595	250.31017805436343	454.5301074723353	4090.631840510497	3.254085671887891	0.6884482687684663	8.207626609020957E-4	-317382.21425625513	-504.7333876677641
61000	-317901.61520396476	-513.9762579572714	-317387.6389460075	948.1959718114103	246.5760631459055	439.6098541989733	4613.829763411616	3.254085671887891	0.6884482687684663	8.507453116479555E-4	-317387.6389460075	-503.35533407154065
62000	-317901.0121102445	-515.7180090134393	-317385.29410123103	990.8300707288695	252.682158087788	463.2936522199176	4170.28634867623	3.254085671887891	0.6884482687684663	8.164673853500907E-4	-317385.29410123103	-505.239243432724
63000	-317904.47236457246	-519.4009017830336	-317385.07146278943	1062.7685047027906	271.12426041311016	495.54890293867805	4565.042992884503	3.254085671887891	0.6884482687684663	7.576979750652435E-4	-317385.07146278943	-508.906320439934
64000	-317896.60484415555	-515.9538221658966	-317380.65102198964	992.9153969470483	255.04600720850192	466.16178455770483	3862.686383487382	3.254085671887891	0.6884482687684663	8.16648596462846E-4	-317380.65102198964	-505.551456692746
65000	-317900.90417298186	-520.2154251125268	-317380.68874786934	1058.1480219735442	271.74802009758986	496.68898323569863	3950.0172238971945	3.254085671887891	0.6884482687684663	7.600880986136793E-4	-317380.68874786934	-509.86240541974996
66000	-317888.41515103146	-515.9843155101489	-317372.4308355213	992.8530468296908	251.3700065699584	464.6077525972284	3790.149840737659	3.254085671887891	0.6884482687684663	8.274724425694865E-4	-317372.4308355213	-505.58775361782784
67000	-317883.9635974791	-514.659387656858	-317369.30420982226	974.7368010648729	248.93784775201004	457.2878222637429	4484.090659148584	3.254085671887891	0.6884482687684663	8.254674674294806E-4	-317369.30420982226	-504.0971191229639
68000	-317897.08743592503	-517.3707384802402	-317379.7166974448	1031.1507727495034	265.19836439183877	477.51890049535496	4767.007360768311	3.254085671887891	0.6884482687684663	7.892204804999694E-4	-317379.7166974448	-506.7921462097793
69000	-317895.17059775273	-514.6706071540951	-317380.49999059865	992.0660732639763	246.00797049620377	465.47928130385634	3838.3089628183106	3.254085671887891	0.6884482687684663	8.221930646105689E-4	-317380.49999059865	-504.26781309067394
